  [1m[35m (16.9ms)[0m  [1m[35mCREATE TABLE [schema_migrations] ([version] nvarchar(4000) NOT NULL PRIMARY KEY) /*application='FormsApp'*/[0m
  [1m[35m (6.8ms)[0m  [1m[35mCREATE TABLE [ar_internal_metadata] ([key] nvarchar(4000) NOT NULL PRIMARY KEY, [value] nvarchar(4000), [created_at] datetime2(6) NOT NULL, [updated_at] datetime2(6) NOT NULL) /*application='FormsApp'*/[0m
  [1m[36mActiveRecord::InternalMetadata Load (2.7ms)[0m  [1m[34mSELECT * FROM [ar_internal_metadata] WHERE [ar_internal_metadata].[key] = 'environment' ORDER BY [ar_internal_metadata].[key] ASC OFFSET 0 ROWS FETCH NEXT 1 ROWS ONLY /*application='FormsApp'*/[0m
  [1m[36mActiveRecord::InternalMetadata Create (164.1ms)[0m  [1m[32mINSERT INTO [ar_internal_metadata] ([key], [value], [created_at], [updated_at]) OUTPUT INSERTED.[key] VALUES ('environment', N'development', '07-07-2025 18:46:56.729', '07-07-2025 18:46:56.729') /*application='FormsApp'*/[0m
  [1m[36mActiveRecord::SchemaMigration Load (2.1ms)[0m  [1m[34mSELECT [schema_migrations].[version] FROM [schema_migrations] ORDER BY [schema_migrations].[version] ASC /*application='FormsApp'*/[0m
Migrating to CreateParkingLotSubmissions (20250707184643)
  [1m[36mTRANSACTION (1.9ms)[0m  [1m[35mBEGIN TRANSACTION /*application='FormsApp'*/[0m
  [1m[35m (12.9ms)[0m  [1m[35mCREATE TABLE [parking_lot_submissions] ([id] bigint NOT NULL IDENTITY(1,1) PRIMARY KEY, [name] nvarchar(4000), [phone] nvarchar(4000), [employee_id] nvarchar(4000), [email] nvarchar(4000), [agency] nvarchar(4000), [division] nvarchar(4000), [department] nvarchar(4000), [make] nvarchar(4000), [model] nvarchar(4000), [color] nvarchar(4000), [year] nvarchar(4000), [license_plate] nvarchar(4000), [parking_lot] nvarchar(4000), [old_permit_number] nvarchar(4000), [created_at] datetime2(6) NOT NULL, [updated_at] datetime2(6) NOT NULL) /*application='FormsApp'*/[0m
  [1m[36mActiveRecord::SchemaMigration Create (165.8ms)[0m  [1m[32mINSERT INTO [schema_migrations] ([version]) OUTPUT INSERTED.[version] VALUES (N'20250707184643') /*application='FormsApp'*/[0m
  [1m[36mTRANSACTION (3.7ms)[0m  [1m[35mCOMMIT TRANSACTION /*application='FormsApp'*/[0m
  [1m[36mActiveRecord::SchemaMigration Load (3.7ms)[0m  [1m[34mSELECT [schema_migrations].[version] FROM [schema_migrations] ORDER BY [schema_migrations].[version] ASC /*application='FormsApp'*/[0m
  [1m[35m (1.9ms)[0m  [1m[34mSELECT DATABASEPROPERTYEX(DB_NAME(), 'Collation') /*application='FormsApp'*/[0m
  [1m[36mExecute Procedure (317.7ms)[0m  [1m[35mEXEC sp_fkeys NULL, NULL, NULL, N'Agency', NULL[0m
  [1m[36mExecute Procedure (3.4ms)[0m  [1m[35mEXEC sp_fkeys NULL, NULL, NULL, N'BDMRates', NULL[0m
  [1m[36mExecute Procedure (2.5ms)[0m  [1m[35mEXEC sp_fkeys NULL, NULL, NULL, N'BusinessUnit', NULL[0m
  [1m[36mExecute Procedure (2.5ms)[0m  [1m[35mEXEC sp_fkeys NULL, NULL, NULL, N'CustomerAccount', NULL[0m
  [1m[36mExecute Procedure (2.6ms)[0m  [1m[35mEXEC sp_fkeys NULL, NULL, NULL, N'CustomerAccountWithType', NULL[0m
  [1m[36mExecute Procedure (5.0ms)[0m  [1m[35mEXEC sp_fkeys NULL, NULL, NULL, N'Department', NULL[0m
  [1m[35m (20.4ms)[0m  [1m[34mSELECT update_referential_action_desc FROM sys.foreign_keys WHERE name = 'FK__Departmen__Divis__54968AE5' /*application='FormsApp'*/[0m
  [1m[35m (17.3ms)[0m  [1m[34mSELECT delete_referential_action_desc FROM sys.foreign_keys WHERE name = 'FK__Departmen__Divis__54968AE5' /*application='FormsApp'*/[0m
  [1m[36mExecute Procedure (3.8ms)[0m  [1m[35mEXEC sp_fkeys NULL, NULL, NULL, N'Division', NULL[0m
  [1m[35m (16.9ms)[0m  [1m[34mSELECT update_referential_action_desc FROM sys.foreign_keys WHERE name = 'FK__Division__Agency__51BA1E3A' /*application='FormsApp'*/[0m
  [1m[35m (17.5ms)[0m  [1m[34mSELECT delete_referential_action_desc FROM sys.foreign_keys WHERE name = 'FK__Division__Agency__51BA1E3A' /*application='FormsApp'*/[0m
  [1m[36mExecute Procedure (2.8ms)[0m  [1m[35mEXEC sp_fkeys NULL, NULL, NULL, N'FiscalMonths', NULL[0m
  [1m[36mExecute Procedure (2.8ms)[0m  [1m[35mEXEC sp_fkeys NULL, NULL, NULL, N'FiscalYears', NULL[0m
  [1m[36mExecute Procedure (3.0ms)[0m  [1m[35mEXEC sp_fkeys NULL, NULL, NULL, N'GL218-FY18', NULL[0m
  [1m[36mExecute Procedure (2.7ms)[0m  [1m[35mEXEC sp_fkeys NULL, NULL, NULL, N'PlanVsActual', NULL[0m
  [1m[36mExecute Procedure (2.8ms)[0m  [1m[35mEXEC sp_fkeys NULL, NULL, NULL, N'TC60', NULL[0m
  [1m[35m (19.5ms)[0m  [1m[34mSELECT update_referential_action_desc FROM sys.foreign_keys WHERE name = 'FK_TC60_TYPE_TC60_TYPES' /*application='FormsApp'*/[0m
  [1m[35m (18.2ms)[0m  [1m[34mSELECT delete_referential_action_desc FROM sys.foreign_keys WHERE name = 'FK_TC60_TYPE_TC60_TYPES' /*application='FormsApp'*/[0m
  [1m[36mExecute Procedure (4.5ms)[0m  [1m[35mEXEC sp_fkeys NULL, NULL, NULL, N'TC60_Activities', NULL[0m
  [1m[35m (18.4ms)[0m  [1m[34mSELECT update_referential_action_desc FROM sys.foreign_keys WHERE name = 'fk_tc60_activities_tc60_agencies' /*application='FormsApp'*/[0m
  [1m[35m (17.4ms)[0m  [1m[34mSELECT delete_referential_action_desc FROM sys.foreign_keys WHERE name = 'fk_tc60_activities_tc60_agencies' /*application='FormsApp'*/[0m
  [1m[36mExecute Procedure (2.7ms)[0m  [1m[35mEXEC sp_fkeys NULL, NULL, NULL, N'TC60_Agencies', NULL[0m
  [1m[36mExecute Procedure (3.4ms)[0m  [1m[35mEXEC sp_fkeys NULL, NULL, NULL, N'TC60_Departments', NULL[0m
  [1m[35m (18.2ms)[0m  [1m[34mSELECT update_referential_action_desc FROM sys.foreign_keys WHERE name = 'FK_TC60_Departments_TC60_Divisions' /*application='FormsApp'*/[0m
  [1m[35m (17.5ms)[0m  [1m[34mSELECT delete_referential_action_desc FROM sys.foreign_keys WHERE name = 'FK_TC60_Departments_TC60_Divisions' /*application='FormsApp'*/[0m
  [1m[36mExecute Procedure (3.1ms)[0m  [1m[35mEXEC sp_fkeys NULL, NULL, NULL, N'TC60_Divisions', NULL[0m
  [1m[35m (16.9ms)[0m  [1m[34mSELECT update_referential_action_desc FROM sys.foreign_keys WHERE name = 'FK_TC60_Divisions_TC60_Agencies' /*application='FormsApp'*/[0m
  [1m[35m (17.9ms)[0m  [1m[34mSELECT delete_referential_action_desc FROM sys.foreign_keys WHERE name = 'FK_TC60_Divisions_TC60_Agencies' /*application='FormsApp'*/[0m
  [1m[36mExecute Procedure (2.8ms)[0m  [1m[35mEXEC sp_fkeys NULL, NULL, NULL, N'TC60_Employees', NULL[0m
  [1m[36mExecute Procedure (2.9ms)[0m  [1m[35mEXEC sp_fkeys NULL, NULL, NULL, N'TC60_Functions', NULL[0m
  [1m[35m (17.3ms)[0m  [1m[34mSELECT update_referential_action_desc FROM sys.foreign_keys WHERE name = 'fk_tc60_functions_tc60_agencies' /*application='FormsApp'*/[0m
  [1m[35m (19.2ms)[0m  [1m[34mSELECT delete_referential_action_desc FROM sys.foreign_keys WHERE name = 'fk_tc60_functions_tc60_agencies' /*application='FormsApp'*/[0m
  [1m[36mExecute Procedure (4.3ms)[0m  [1m[35mEXEC sp_fkeys NULL, NULL, NULL, N'TC60_Functions_and_Funds', NULL[0m
  [1m[35m (17.1ms)[0m  [1m[34mSELECT update_referential_action_desc FROM sys.foreign_keys WHERE name = 'fk_tc60_functions_and_funds_tc60_agencies' /*application='FormsApp'*/[0m
  [1m[35m (26.5ms)[0m  [1m[34mSELECT delete_referential_action_desc FROM sys.foreign_keys WHERE name = 'fk_tc60_functions_and_funds_tc60_agencies' /*application='FormsApp'*/[0m
  [1m[36mExecute Procedure (3.1ms)[0m  [1m[35mEXEC sp_fkeys NULL, NULL, NULL, N'TC60_Funds', NULL[0m
  [1m[35m (25.8ms)[0m  [1m[34mSELECT update_referential_action_desc FROM sys.foreign_keys WHERE name = 'fk_tc60_funds_tc60_agencies' /*application='FormsApp'*/[0m
  [1m[35m (22.0ms)[0m  [1m[34mSELECT delete_referential_action_desc FROM sys.foreign_keys WHERE name = 'fk_tc60_funds_tc60_agencies' /*application='FormsApp'*/[0m
  [1m[36mExecute Procedure (3.7ms)[0m  [1m[35mEXEC sp_fkeys NULL, NULL, NULL, N'TC60_Major_Programs', NULL[0m
  [1m[35m (21.6ms)[0m  [1m[34mSELECT update_referential_action_desc FROM sys.foreign_keys WHERE name = 'FK_TC60_MajorProgram_TC60_Agencies' /*application='FormsApp'*/[0m
  [1m[35m (21.4ms)[0m  [1m[34mSELECT delete_referential_action_desc FROM sys.foreign_keys WHERE name = 'FK_TC60_MajorProgram_TC60_Agencies' /*application='FormsApp'*/[0m
  [1m[36mExecute Procedure (3.1ms)[0m  [1m[35mEXEC sp_fkeys NULL, NULL, NULL, N'TC60_Objects', NULL[0m
  [1m[36mExecute Procedure (4.0ms)[0m  [1m[35mEXEC sp_fkeys NULL, NULL, NULL, N'TC60_Phases', NULL[0m
  [1m[35m (25.1ms)[0m  [1m[34mSELECT update_referential_action_desc FROM sys.foreign_keys WHERE name = 'fk_tc60_phases_tc60_agencies' /*application='FormsApp'*/[0m
  [1m[35m (20.3ms)[0m  [1m[34mSELECT delete_referential_action_desc FROM sys.foreign_keys WHERE name = 'fk_tc60_phases_tc60_agencies' /*application='FormsApp'*/[0m
  [1m[36mExecute Procedure (3.9ms)[0m  [1m[35mEXEC sp_fkeys NULL, NULL, NULL, N'TC60_Programs', NULL[0m
  [1m[35m (18.3ms)[0m  [1m[34mSELECT update_referential_action_desc FROM sys.foreign_keys WHERE name = 'fk_tc60_programs_tc60_agencies' /*application='FormsApp'*/[0m
  [1m[35m (18.6ms)[0m  [1m[34mSELECT delete_referential_action_desc FROM sys.foreign_keys WHERE name = 'fk_tc60_programs_tc60_agencies' /*application='FormsApp'*/[0m
  [1m[36mExecute Procedure (3.7ms)[0m  [1m[35mEXEC sp_fkeys NULL, NULL, NULL, N'TC60_Revenues', NULL[0m
  [1m[36mExecute Procedure (2.5ms)[0m  [1m[35mEXEC sp_fkeys NULL, NULL, NULL, N'TC60_Services', NULL[0m
  [1m[36mExecute Procedure (2.8ms)[0m  [1m[35mEXEC sp_fkeys NULL, NULL, NULL, N'TC60_Tasks', NULL[0m
  [1m[35m (17.2ms)[0m  [1m[34mSELECT update_referential_action_desc FROM sys.foreign_keys WHERE name = 'fk_tc60_tasks_tc60_agencies' /*application='FormsApp'*/[0m
  [1m[35m (16.9ms)[0m  [1m[34mSELECT delete_referential_action_desc FROM sys.foreign_keys WHERE name = 'fk_tc60_tasks_tc60_agencies' /*application='FormsApp'*/[0m
  [1m[36mExecute Procedure (2.7ms)[0m  [1m[35mEXEC sp_fkeys NULL, NULL, NULL, N'TC60_Types', NULL[0m
  [1m[36mExecute Procedure (5.7ms)[0m  [1m[35mEXEC sp_fkeys NULL, NULL, NULL, N'TC60_Units', NULL[0m
  [1m[35m (17.4ms)[0m  [1m[34mSELECT update_referential_action_desc FROM sys.foreign_keys WHERE name = 'FK_TC60_Units_TC60_Departments' /*application='FormsApp'*/[0m
  [1m[35m (17.2ms)[0m  [1m[34mSELECT delete_referential_action_desc FROM sys.foreign_keys WHERE name = 'FK_TC60_Units_TC60_Departments' /*application='FormsApp'*/[0m
  [1m[36mExecute Procedure (2.7ms)[0m  [1m[35mEXEC sp_fkeys NULL, NULL, NULL, N'_stgFiscalCursor', NULL[0m
  [1m[36mExecute Procedure (2.2ms)[0m  [1m[35mEXEC sp_fkeys NULL, NULL, NULL, N'_stgTC60', NULL[0m
  [1m[36mExecute Procedure (2.6ms)[0m  [1m[35mEXEC sp_fkeys NULL, NULL, NULL, N'parking_lot_submissions', NULL[0m
  [1m[36mExecute Procedure (2.6ms)[0m  [1m[35mEXEC sp_fkeys NULL, NULL, NULL, N'pc007', NULL[0m
Started GET "/" for 127.0.0.1 at 2025-07-07 19:10:25 +0000
  [1m[36mActiveRecord::SchemaMigration Load (1.4ms)[0m  [1m[34mSELECT [schema_migrations].[version] FROM [schema_migrations] ORDER BY [schema_migrations].[version] ASC /*application='FormsApp'*/[0m
Processing by ParkingLotSubmissionsController#new as HTML
  Rendering layout layouts/application.html.erb
  Rendering parking_lot_submissions/new.html.erb within layouts/application
  Rendered parking_lot_submissions/new.html.erb within layouts/application (Duration: 6.6ms | GC: 0.0ms)
  Rendered layout layouts/application.html.erb (Duration: 11.2ms | GC: 0.0ms)
Completed 500 Internal Server Error in 142ms (ActiveRecord: 0.0ms (0 queries, 0 cached) | GC: 0.0ms)


  
ActionView::Template::Error (Passed nil to the :model argument, expect an object or false)
Caused by: ArgumentError (Passed nil to the :model argument, expect an object or false)

Information for: ActionView::Template::Error (Passed nil to the :model argument, expect an object or false):
    4: 
    5: <h1>Parking Lot Submission Form</h1>
    6: 
    7: <%= form_with model: @parking_lot_submission, local: true do |form| %>
    8:   <% @form_pages.each_with_index do |page, page_index| %>
    9:     <div class="form-page" style="<%= page_index == 0 ? '' : 'display:none;' %>">
   10:       <h2><%= page[:title] %></h2>
  
app/views/parking_lot_submissions/new.html.erb:7

Information for cause: ArgumentError (Passed nil to the :model argument, expect an object or false):
  
app/views/parking_lot_submissions/new.html.erb:7
Started GET "/favicon.ico" for 127.0.0.1 at 2025-07-07 19:10:26 +0000
  
ActionController::RoutingError (No route matches [GET] "/favicon.ico"):
  
Started GET "/" for 127.0.0.1 at 2025-07-07 19:12:02 +0000
  [1m[36mActiveRecord::SchemaMigration Load (3.0ms)[0m  [1m[34mSELECT [schema_migrations].[version] FROM [schema_migrations] ORDER BY [schema_migrations].[version] ASC /*application='FormsApp'*/[0m
Processing by ParkingLotSubmissionsController#new as HTML
  Rendering layout layouts/application.html.erb
  Rendering parking_lot_submissions/new.html.erb within layouts/application
  Rendered parking_lot_submissions/new.html.erb within layouts/application (Duration: 26.5ms | GC: 0.0ms)
  Rendered layout layouts/application.html.erb (Duration: 46.2ms | GC: 0.0ms)
Completed 500 Internal Server Error in 1500ms (ActiveRecord: 1289.4ms (0 queries, 0 cached) | GC: 2.7ms)


  
ActionView::Template::Error (The asset 'application.css' was not found in the load path.)
Caused by: Propshaft::MissingAssetError (The asset 'application.css' was not found in the load path.)

Information for: ActionView::Template::Error (The asset 'application.css' was not found in the load path.):
    4:     <title>FormsApp</title>
    5:     <%= csrf_meta_tags %>
    6:     <%= csp_meta_tag %>
    7:     <%= stylesheet_link_tag "application", "data-turbo-track": "reload" %>
    8:     <%= javascript_importmap_tags %>
    9:   </head>
   10: 
  
app/views/layouts/application.html.erb:7

Information for cause: Propshaft::MissingAssetError (The asset 'application.css' was not found in the load path.):
  
app/views/layouts/application.html.erb:7
Started GET "/" for 127.0.0.1 at 2025-07-07 19:12:15 +0000
Processing by ParkingLotSubmissionsController#new as HTML
  Rendering layout layouts/application.html.erb
  Rendering parking_lot_submissions/new.html.erb within layouts/application
  Rendered parking_lot_submissions/new.html.erb within layouts/application (Duration: 32.5ms | GC: 3.9ms)
  Rendered layout layouts/application.html.erb (Duration: 37.4ms | GC: 5.7ms)
Completed 500 Internal Server Error in 73ms (ActiveRecord: 0.0ms (0 queries, 0 cached) | GC: 5.7ms)


  
ActionView::Template::Error (The asset 'application.css' was not found in the load path.)
Caused by: Propshaft::MissingAssetError (The asset 'application.css' was not found in the load path.)

Information for: ActionView::Template::Error (The asset 'application.css' was not found in the load path.):
    4:     <title>FormsApp</title>
    5:     <%= csrf_meta_tags %>
    6:     <%= csp_meta_tag %>
    7:     <%= stylesheet_link_tag "application", "data-turbo-track": "reload" %>
    8:     <%= javascript_importmap_tags %>
    9:   </head>
   10: 
  
app/views/layouts/application.html.erb:7

Information for cause: Propshaft::MissingAssetError (The asset 'application.css' was not found in the load path.):
  
app/views/layouts/application.html.erb:7
Started GET "/" for 127.0.0.1 at 2025-07-07 19:17:54 +0000
  [1m[36mActiveRecord::SchemaMigration Load (0.8ms)[0m  [1m[34mSELECT [schema_migrations].[version] FROM [schema_migrations] ORDER BY [schema_migrations].[version] ASC /*application='FormsApp'*/[0m
Processing by ParkingLotSubmissionsController#new as HTML
  Rendering layout layouts/application.html.erb
  Rendering parking_lot_submissions/new.html.erb within layouts/application
  Rendered parking_lot_submissions/new.html.erb within layouts/application (Duration: 26.0ms | GC: 0.0ms)
  Rendered layout layouts/application.html.erb (Duration: 145.3ms | GC: 0.4ms)
Completed 500 Internal Server Error in 366ms (ActiveRecord: 90.3ms (0 queries, 0 cached) | GC: 5.1ms)


  
ActionView::Template::Error (link_directory argument must be a directory)
Caused by: Sprockets::ArgumentError (link_directory argument must be a directory)

Information for: ActionView::Template::Error (link_directory argument must be a directory):
  
sprockets (4.2.2) lib/sprockets/directive_processor.rb:407:in 'Sprockets::DirectiveProcessor#expand_relative_dirname'
sprockets (4.2.2) lib/sprockets/directive_processor.rb:343:in 'Sprockets::DirectiveProcessor#process_link_directory_directive'
sprockets (4.2.2) lib/sprockets/directive_processor.rb:189:in 'block in Sprockets::DirectiveProcessor#process_directives'
sprockets (4.2.2) lib/sprockets/directive_processor.rb:187:in 'Array#each'
sprockets (4.2.2) lib/sprockets/directive_processor.rb:187:in 'Sprockets::DirectiveProcessor#process_directives'
sprockets (4.2.2) lib/sprockets/directive_processor.rb:84:in 'Sprockets::DirectiveProcessor#_call'
sprockets (4.2.2) lib/sprockets/directive_processor.rb:65:in 'Sprockets::DirectiveProcessor#call'
sprockets (4.2.2) lib/sprockets/processor_utils.rb:84:in 'Sprockets::ProcessorUtils#call_processor'
sprockets (4.2.2) lib/sprockets/processor_utils.rb:66:in 'block in Sprockets::ProcessorUtils#call_processors'
sprockets (4.2.2) lib/sprockets/processor_utils.rb:65:in 'Array#reverse_each'
sprockets (4.2.2) lib/sprockets/processor_utils.rb:65:in 'Sprockets::ProcessorUtils#call_processors'
sprockets (4.2.2) lib/sprockets/loader.rb:184:in 'Sprockets::Loader#load_from_unloaded'
sprockets (4.2.2) lib/sprockets/loader.rb:59:in 'block in Sprockets::Loader#load'
sprockets (4.2.2) lib/sprockets/loader.rb:339:in 'Sprockets::Loader#fetch_asset_from_dependency_cache'
sprockets (4.2.2) lib/sprockets/loader.rb:43:in 'Sprockets::Loader#load'
sprockets (4.2.2) lib/sprockets/cached_environment.rb:44:in 'block in Sprockets::CachedEnvironment#load'
concurrent-ruby (1.3.5) lib/concurrent-ruby/concurrent/map.rb:207:in 'block in Concurrent::Map#fetch_or_store'
concurrent-ruby (1.3.5) lib/concurrent-ruby/concurrent/map.rb:187:in 'Concurrent::Map#fetch'
concurrent-ruby (1.3.5) lib/concurrent-ruby/concurrent/map.rb:206:in 'Concurrent::Map#fetch_or_store'
sprockets (4.2.2) lib/sprockets/cached_environment.rb:44:in 'Sprockets::CachedEnvironment#load'
sprockets (4.2.2) lib/sprockets/bundle.rb:27:in 'Sprockets::Bundle.call'
sprockets (4.2.2) lib/sprockets/processor_utils.rb:84:in 'Sprockets::ProcessorUtils#call_processor'
sprockets (4.2.2) lib/sprockets/processor_utils.rb:66:in 'block in Sprockets::ProcessorUtils#call_processors'
sprockets (4.2.2) lib/sprockets/processor_utils.rb:65:in 'Array#reverse_each'
sprockets (4.2.2) lib/sprockets/processor_utils.rb:65:in 'Sprockets::ProcessorUtils#call_processors'
sprockets (4.2.2) lib/sprockets/loader.rb:184:in 'Sprockets::Loader#load_from_unloaded'
sprockets (4.2.2) lib/sprockets/loader.rb:59:in 'block in Sprockets::Loader#load'
sprockets (4.2.2) lib/sprockets/loader.rb:339:in 'Sprockets::Loader#fetch_asset_from_dependency_cache'
sprockets (4.2.2) lib/sprockets/loader.rb:43:in 'Sprockets::Loader#load'
sprockets (4.2.2) lib/sprockets/cached_environment.rb:44:in 'block in Sprockets::CachedEnvironment#load'
concurrent-ruby (1.3.5) lib/concurrent-ruby/concurrent/map.rb:207:in 'block in Concurrent::Map#fetch_or_store'
concurrent-ruby (1.3.5) lib/concurrent-ruby/concurrent/map.rb:187:in 'Concurrent::Map#fetch'
concurrent-ruby (1.3.5) lib/concurrent-ruby/concurrent/map.rb:206:in 'Concurrent::Map#fetch_or_store'
sprockets (4.2.2) lib/sprockets/cached_environment.rb:44:in 'Sprockets::CachedEnvironment#load'
sprockets (4.2.2) lib/sprockets/base.rb:81:in 'Sprockets::Base#find_asset'
sprockets (4.2.2) lib/sprockets/base.rb:88:in 'Sprockets::Base#find_all_linked_assets'
sprockets (4.2.2) lib/sprockets/manifest.rb:125:in 'Enumerator#each'
sprockets (4.2.2) lib/sprockets/manifest.rb:125:in 'Enumerable#to_a'
sprockets (4.2.2) lib/sprockets/manifest.rb:125:in 'block (2 levels) in Sprockets::Manifest#find'
concurrent-ruby (1.3.5) lib/concurrent-ruby/concurrent/executor/safe_task_executor.rb:24:in 'block in Concurrent::SafeTaskExecutor#execute'
concurrent-ruby (1.3.5) lib/concurrent-ruby/concurrent/synchronization/mutex_lockable_object.rb:48:in 'block in Concurrent::Synchronization::MutexLockableObject#synchronize'
concurrent-ruby (1.3.5) lib/concurrent-ruby/concurrent/synchronization/mutex_lockable_object.rb:48:in 'Thread::Mutex#synchronize'
concurrent-ruby (1.3.5) lib/concurrent-ruby/concurrent/synchronization/mutex_lockable_object.rb:48:in 'Concurrent::Synchronization::MutexLockableObject#synchronize'
concurrent-ruby (1.3.5) lib/concurrent-ruby/concurrent/executor/safe_task_executor.rb:22:in 'Concurrent::SafeTaskExecutor#execute'
concurrent-ruby (1.3.5) lib/concurrent-ruby/concurrent/promise.rb:564:in 'block in Concurrent::Promise#realize'
concurrent-ruby (1.3.5) lib/concurrent-ruby/concurrent/executor/ruby_thread_pool_executor.rb:359:in 'Concurrent::RubyThreadPoolExecutor::Worker#run_task'
concurrent-ruby (1.3.5) lib/concurrent-ruby/concurrent/executor/ruby_thread_pool_executor.rb:350:in 'block (3 levels) in Concurrent::RubyThreadPoolExecutor::Worker#create_worker'
<internal:kernel>:168:in 'Kernel#loop'
concurrent-ruby (1.3.5) lib/concurrent-ruby/concurrent/executor/ruby_thread_pool_executor.rb:341:in 'block (2 levels) in Concurrent::RubyThreadPoolExecutor::Worker#create_worker'
concurrent-ruby (1.3.5) lib/concurrent-ruby/concurrent/executor/ruby_thread_pool_executor.rb:340:in 'Kernel#catch'
concurrent-ruby (1.3.5) lib/concurrent-ruby/concurrent/executor/ruby_thread_pool_executor.rb:340:in 'block in Concurrent::RubyThreadPoolExecutor::Worker#create_worker'

Information for cause: Sprockets::ArgumentError (link_directory argument must be a directory):
  
sprockets (4.2.2) lib/sprockets/directive_processor.rb:407:in 'Sprockets::DirectiveProcessor#expand_relative_dirname'
sprockets (4.2.2) lib/sprockets/directive_processor.rb:343:in 'Sprockets::DirectiveProcessor#process_link_directory_directive'
sprockets (4.2.2) lib/sprockets/directive_processor.rb:189:in 'block in Sprockets::DirectiveProcessor#process_directives'
sprockets (4.2.2) lib/sprockets/directive_processor.rb:187:in 'Array#each'
sprockets (4.2.2) lib/sprockets/directive_processor.rb:187:in 'Sprockets::DirectiveProcessor#process_directives'
sprockets (4.2.2) lib/sprockets/directive_processor.rb:84:in 'Sprockets::DirectiveProcessor#_call'
sprockets (4.2.2) lib/sprockets/directive_processor.rb:65:in 'Sprockets::DirectiveProcessor#call'
sprockets (4.2.2) lib/sprockets/processor_utils.rb:84:in 'Sprockets::ProcessorUtils#call_processor'
sprockets (4.2.2) lib/sprockets/processor_utils.rb:66:in 'block in Sprockets::ProcessorUtils#call_processors'
sprockets (4.2.2) lib/sprockets/processor_utils.rb:65:in 'Array#reverse_each'
sprockets (4.2.2) lib/sprockets/processor_utils.rb:65:in 'Sprockets::ProcessorUtils#call_processors'
sprockets (4.2.2) lib/sprockets/loader.rb:184:in 'Sprockets::Loader#load_from_unloaded'
sprockets (4.2.2) lib/sprockets/loader.rb:59:in 'block in Sprockets::Loader#load'
sprockets (4.2.2) lib/sprockets/loader.rb:339:in 'Sprockets::Loader#fetch_asset_from_dependency_cache'
sprockets (4.2.2) lib/sprockets/loader.rb:43:in 'Sprockets::Loader#load'
sprockets (4.2.2) lib/sprockets/cached_environment.rb:44:in 'block in Sprockets::CachedEnvironment#load'
concurrent-ruby (1.3.5) lib/concurrent-ruby/concurrent/map.rb:207:in 'block in Concurrent::Map#fetch_or_store'
concurrent-ruby (1.3.5) lib/concurrent-ruby/concurrent/map.rb:187:in 'Concurrent::Map#fetch'
concurrent-ruby (1.3.5) lib/concurrent-ruby/concurrent/map.rb:206:in 'Concurrent::Map#fetch_or_store'
sprockets (4.2.2) lib/sprockets/cached_environment.rb:44:in 'Sprockets::CachedEnvironment#load'
sprockets (4.2.2) lib/sprockets/bundle.rb:27:in 'Sprockets::Bundle.call'
sprockets (4.2.2) lib/sprockets/processor_utils.rb:84:in 'Sprockets::ProcessorUtils#call_processor'
sprockets (4.2.2) lib/sprockets/processor_utils.rb:66:in 'block in Sprockets::ProcessorUtils#call_processors'
sprockets (4.2.2) lib/sprockets/processor_utils.rb:65:in 'Array#reverse_each'
sprockets (4.2.2) lib/sprockets/processor_utils.rb:65:in 'Sprockets::ProcessorUtils#call_processors'
sprockets (4.2.2) lib/sprockets/loader.rb:184:in 'Sprockets::Loader#load_from_unloaded'
sprockets (4.2.2) lib/sprockets/loader.rb:59:in 'block in Sprockets::Loader#load'
sprockets (4.2.2) lib/sprockets/loader.rb:339:in 'Sprockets::Loader#fetch_asset_from_dependency_cache'
sprockets (4.2.2) lib/sprockets/loader.rb:43:in 'Sprockets::Loader#load'
sprockets (4.2.2) lib/sprockets/cached_environment.rb:44:in 'block in Sprockets::CachedEnvironment#load'
concurrent-ruby (1.3.5) lib/concurrent-ruby/concurrent/map.rb:207:in 'block in Concurrent::Map#fetch_or_store'
concurrent-ruby (1.3.5) lib/concurrent-ruby/concurrent/map.rb:187:in 'Concurrent::Map#fetch'
concurrent-ruby (1.3.5) lib/concurrent-ruby/concurrent/map.rb:206:in 'Concurrent::Map#fetch_or_store'
sprockets (4.2.2) lib/sprockets/cached_environment.rb:44:in 'Sprockets::CachedEnvironment#load'
sprockets (4.2.2) lib/sprockets/base.rb:81:in 'Sprockets::Base#find_asset'
sprockets (4.2.2) lib/sprockets/base.rb:88:in 'Sprockets::Base#find_all_linked_assets'
sprockets (4.2.2) lib/sprockets/manifest.rb:125:in 'Enumerator#each'
sprockets (4.2.2) lib/sprockets/manifest.rb:125:in 'Enumerable#to_a'
sprockets (4.2.2) lib/sprockets/manifest.rb:125:in 'block (2 levels) in Sprockets::Manifest#find'
concurrent-ruby (1.3.5) lib/concurrent-ruby/concurrent/executor/safe_task_executor.rb:24:in 'block in Concurrent::SafeTaskExecutor#execute'
concurrent-ruby (1.3.5) lib/concurrent-ruby/concurrent/synchronization/mutex_lockable_object.rb:48:in 'block in Concurrent::Synchronization::MutexLockableObject#synchronize'
concurrent-ruby (1.3.5) lib/concurrent-ruby/concurrent/synchronization/mutex_lockable_object.rb:48:in 'Thread::Mutex#synchronize'
concurrent-ruby (1.3.5) lib/concurrent-ruby/concurrent/synchronization/mutex_lockable_object.rb:48:in 'Concurrent::Synchronization::MutexLockableObject#synchronize'
concurrent-ruby (1.3.5) lib/concurrent-ruby/concurrent/executor/safe_task_executor.rb:22:in 'Concurrent::SafeTaskExecutor#execute'
concurrent-ruby (1.3.5) lib/concurrent-ruby/concurrent/promise.rb:564:in 'block in Concurrent::Promise#realize'
concurrent-ruby (1.3.5) lib/concurrent-ruby/concurrent/executor/ruby_thread_pool_executor.rb:359:in 'Concurrent::RubyThreadPoolExecutor::Worker#run_task'
concurrent-ruby (1.3.5) lib/concurrent-ruby/concurrent/executor/ruby_thread_pool_executor.rb:350:in 'block (3 levels) in Concurrent::RubyThreadPoolExecutor::Worker#create_worker'
<internal:kernel>:168:in 'Kernel#loop'
concurrent-ruby (1.3.5) lib/concurrent-ruby/concurrent/executor/ruby_thread_pool_executor.rb:341:in 'block (2 levels) in Concurrent::RubyThreadPoolExecutor::Worker#create_worker'
concurrent-ruby (1.3.5) lib/concurrent-ruby/concurrent/executor/ruby_thread_pool_executor.rb:340:in 'Kernel#catch'
concurrent-ruby (1.3.5) lib/concurrent-ruby/concurrent/executor/ruby_thread_pool_executor.rb:340:in 'block in Concurrent::RubyThreadPoolExecutor::Worker#create_worker'
Started GET "/favicon.ico" for 127.0.0.1 at 2025-07-07 19:17:55 +0000
  
ActionController::RoutingError (No route matches [GET] "/favicon.ico"):
  
Started GET "/" for 127.0.0.1 at 2025-07-07 19:26:00 +0000
  [1m[36mActiveRecord::SchemaMigration Load (0.7ms)[0m  [1m[34mSELECT [schema_migrations].[version] FROM [schema_migrations] ORDER BY [schema_migrations].[version] ASC /*application='FormsApp'*/[0m
Processing by ParkingLotSubmissionsController#new as HTML
  Rendering layout layouts/application.html.erb
  Rendering parking_lot_submissions/new.html.erb within layouts/application
  Rendered parking_lot_submissions/new.html.erb within layouts/application (Duration: 27.0ms | GC: 0.0ms)
  Rendered layout layouts/application.html.erb (Duration: 329.3ms | GC: 0.2ms)
Completed 500 Internal Server Error in 515ms (ActiveRecord: 47.4ms (0 queries, 0 cached) | GC: 4.9ms)


  
ActionView::Template::Error (Asset `application.css` was not declared to be precompiled in production.
Declare links to your assets in `app/assets/config/manifest.js`.

  //= link application.css

and restart your server)
Caused by: Sprockets::Rails::Helper::AssetNotPrecompiledError (Asset `application.css` was not declared to be precompiled in production.
Declare links to your assets in `app/assets/config/manifest.js`.

  //= link application.css

and restart your server)

Information for: ActionView::Template::Error (Asset `application.css` was not declared to be precompiled in production.
Declare links to your assets in `app/assets/config/manifest.js`.

  //= link application.css

and restart your server):
    4:     <title>FormsApp</title>
    5:     <%= csrf_meta_tags %>
    6:     <%= csp_meta_tag %>
    7:     <%= stylesheet_link_tag "application", media: "all", "data-turbo-track": "reload" %>
    8:     <%= javascript_importmap_tags %>
    9:   </head>
   10: 
  
app/views/layouts/application.html.erb:7

Information for cause: Sprockets::Rails::Helper::AssetNotPrecompiledError (Asset `application.css` was not declared to be precompiled in production.
Declare links to your assets in `app/assets/config/manifest.js`.

  //= link application.css

and restart your server):
  
app/views/layouts/application.html.erb:7
Started GET "/" for 127.0.0.1 at 2025-07-07 19:27:12 +0000
  [1m[36mActiveRecord::SchemaMigration Load (0.8ms)[0m  [1m[34mSELECT [schema_migrations].[version] FROM [schema_migrations] ORDER BY [schema_migrations].[version] ASC /*application='FormsApp'*/[0m
Processing by ParkingLotSubmissionsController#new as HTML
  Rendering layout layouts/application.html.erb
  Rendering parking_lot_submissions/new.html.erb within layouts/application
  Rendered parking_lot_submissions/new.html.erb within layouts/application (Duration: 25.8ms | GC: 0.0ms)
  Rendered layout layouts/application.html.erb (Duration: 316.3ms | GC: 1.7ms)
Completed 500 Internal Server Error in 491ms (ActiveRecord: 43.9ms (0 queries, 0 cached) | GC: 6.0ms)


  
ActionView::Template::Error (Asset `application.js` was not declared to be precompiled in production.
Declare links to your assets in `app/assets/config/manifest.js`.

  //= link application.js

and restart your server)
Caused by: Sprockets::Rails::Helper::AssetNotPrecompiledError (Asset `application.js` was not declared to be precompiled in production.
Declare links to your assets in `app/assets/config/manifest.js`.

  //= link application.js

and restart your server)

Information for: ActionView::Template::Error (Asset `application.js` was not declared to be precompiled in production.
Declare links to your assets in `app/assets/config/manifest.js`.

  //= link application.js

and restart your server):
     5:     <%= csrf_meta_tags %>
     6:     <%= csp_meta_tag %>
     7:     <%= stylesheet_link_tag "application", media: "all", "data-turbo-track": "reload" %>
     8:     <%= javascript_importmap_tags %>
     9:   </head>
    10: 
    11:   <body>
  
app/views/layouts/application.html.erb:8

Information for cause: Sprockets::Rails::Helper::AssetNotPrecompiledError (Asset `application.js` was not declared to be precompiled in production.
Declare links to your assets in `app/assets/config/manifest.js`.

  //= link application.js

and restart your server):
  
app/views/layouts/application.html.erb:8
Started GET "/" for 127.0.0.1 at 2025-07-07 19:28:11 +0000
  [1m[36mActiveRecord::SchemaMigration Load (0.7ms)[0m  [1m[34mSELECT [schema_migrations].[version] FROM [schema_migrations] ORDER BY [schema_migrations].[version] ASC /*application='FormsApp'*/[0m
Processing by ParkingLotSubmissionsController#new as HTML
  Rendering layout layouts/application.html.erb
  Rendering parking_lot_submissions/new.html.erb within layouts/application
  Rendered parking_lot_submissions/new.html.erb within layouts/application (Duration: 24.2ms | GC: 0.0ms)
  Rendered layout layouts/application.html.erb (Duration: 326.6ms | GC: 0.2ms)
Completed 500 Internal Server Error in 497ms (ActiveRecord: 46.1ms (0 queries, 0 cached) | GC: 4.7ms)


  
ActionView::Template::Error (Asset `controllers/application.js` was not declared to be precompiled in production.
Declare links to your assets in `app/assets/config/manifest.js`.

  //= link controllers/application.js

and restart your server)
Caused by: Sprockets::Rails::Helper::AssetNotPrecompiledError (Asset `controllers/application.js` was not declared to be precompiled in production.
Declare links to your assets in `app/assets/config/manifest.js`.

  //= link controllers/application.js

and restart your server)

Information for: ActionView::Template::Error (Asset `controllers/application.js` was not declared to be precompiled in production.
Declare links to your assets in `app/assets/config/manifest.js`.

  //= link controllers/application.js

and restart your server):
     5:     <%= csrf_meta_tags %>
     6:     <%= csp_meta_tag %>
     7:     <%= stylesheet_link_tag "application", media: "all", "data-turbo-track": "reload" %>
     8:     <%= javascript_importmap_tags %>
     9:   </head>
    10: 
    11:   <body>
  
app/views/layouts/application.html.erb:8

Information for cause: Sprockets::Rails::Helper::AssetNotPrecompiledError (Asset `controllers/application.js` was not declared to be precompiled in production.
Declare links to your assets in `app/assets/config/manifest.js`.

  //= link controllers/application.js

and restart your server):
  
app/views/layouts/application.html.erb:8
Started GET "/" for 127.0.0.1 at 2025-07-07 19:29:03 +0000
  [1m[36mActiveRecord::SchemaMigration Load (0.7ms)[0m  [1m[34mSELECT [schema_migrations].[version] FROM [schema_migrations] ORDER BY [schema_migrations].[version] ASC /*application='FormsApp'*/[0m
Processing by ParkingLotSubmissionsController#new as HTML
  Rendering layout layouts/application.html.erb
  Rendering parking_lot_submissions/new.html.erb within layouts/application
  Rendered parking_lot_submissions/new.html.erb within layouts/application (Duration: 24.4ms | GC: 0.0ms)
  Rendered layout layouts/application.html.erb (Duration: 327.9ms | GC: 0.3ms)
Completed 500 Internal Server Error in 510ms (ActiveRecord: 57.4ms (0 queries, 0 cached) | GC: 4.8ms)


  
ActionView::Template::Error (Asset `controllers/hello_controller.js` was not declared to be precompiled in production.
Declare links to your assets in `app/assets/config/manifest.js`.

  //= link controllers/hello_controller.js

and restart your server)
Caused by: Sprockets::Rails::Helper::AssetNotPrecompiledError (Asset `controllers/hello_controller.js` was not declared to be precompiled in production.
Declare links to your assets in `app/assets/config/manifest.js`.

  //= link controllers/hello_controller.js

and restart your server)

Information for: ActionView::Template::Error (Asset `controllers/hello_controller.js` was not declared to be precompiled in production.
Declare links to your assets in `app/assets/config/manifest.js`.

  //= link controllers/hello_controller.js

and restart your server):
     5:     <%= csrf_meta_tags %>
     6:     <%= csp_meta_tag %>
     7:     <%= stylesheet_link_tag "application", media: "all", "data-turbo-track": "reload" %>
     8:     <%= javascript_importmap_tags %>
     9:   </head>
    10: 
    11:   <body>
  
app/views/layouts/application.html.erb:8

Information for cause: Sprockets::Rails::Helper::AssetNotPrecompiledError (Asset `controllers/hello_controller.js` was not declared to be precompiled in production.
Declare links to your assets in `app/assets/config/manifest.js`.

  //= link controllers/hello_controller.js

and restart your server):
  
app/views/layouts/application.html.erb:8
Started GET "/" for 127.0.0.1 at 2025-07-07 19:29:58 +0000
  [1m[36mActiveRecord::SchemaMigration Load (0.7ms)[0m  [1m[34mSELECT [schema_migrations].[version] FROM [schema_migrations] ORDER BY [schema_migrations].[version] ASC /*application='FormsApp'*/[0m
Processing by ParkingLotSubmissionsController#new as HTML
  Rendering layout layouts/application.html.erb
  Rendering parking_lot_submissions/new.html.erb within layouts/application
  Rendered parking_lot_submissions/new.html.erb within layouts/application (Duration: 24.9ms | GC: 0.3ms)
  Rendered layout layouts/application.html.erb (Duration: 215.5ms | GC: 0.3ms)
Completed 500 Internal Server Error in 394ms (ActiveRecord: 56.1ms (0 queries, 0 cached) | GC: 4.8ms)


  
ActionView::Template::Error (link_tree argument must be a directory)
Caused by: Sprockets::ArgumentError (link_tree argument must be a directory)

Information for: ActionView::Template::Error (link_tree argument must be a directory):
  
sprockets (4.2.2) lib/sprockets/directive_processor.rb:407:in 'Sprockets::DirectiveProcessor#expand_relative_dirname'
sprockets (4.2.2) lib/sprockets/directive_processor.rb:359:in 'Sprockets::DirectiveProcessor#process_link_tree_directive'
sprockets (4.2.2) lib/sprockets/directive_processor.rb:189:in 'block in Sprockets::DirectiveProcessor#process_directives'
sprockets (4.2.2) lib/sprockets/directive_processor.rb:187:in 'Array#each'
sprockets (4.2.2) lib/sprockets/directive_processor.rb:187:in 'Sprockets::DirectiveProcessor#process_directives'
sprockets (4.2.2) lib/sprockets/directive_processor.rb:84:in 'Sprockets::DirectiveProcessor#_call'
sprockets (4.2.2) lib/sprockets/directive_processor.rb:65:in 'Sprockets::DirectiveProcessor#call'
sprockets (4.2.2) lib/sprockets/processor_utils.rb:84:in 'Sprockets::ProcessorUtils#call_processor'
sprockets (4.2.2) lib/sprockets/processor_utils.rb:66:in 'block in Sprockets::ProcessorUtils#call_processors'
sprockets (4.2.2) lib/sprockets/processor_utils.rb:65:in 'Array#reverse_each'
sprockets (4.2.2) lib/sprockets/processor_utils.rb:65:in 'Sprockets::ProcessorUtils#call_processors'
sprockets (4.2.2) lib/sprockets/loader.rb:184:in 'Sprockets::Loader#load_from_unloaded'
sprockets (4.2.2) lib/sprockets/loader.rb:59:in 'block in Sprockets::Loader#load'
sprockets (4.2.2) lib/sprockets/loader.rb:339:in 'Sprockets::Loader#fetch_asset_from_dependency_cache'
sprockets (4.2.2) lib/sprockets/loader.rb:43:in 'Sprockets::Loader#load'
sprockets (4.2.2) lib/sprockets/cached_environment.rb:44:in 'block in Sprockets::CachedEnvironment#load'
concurrent-ruby (1.3.5) lib/concurrent-ruby/concurrent/map.rb:207:in 'block in Concurrent::Map#fetch_or_store'
concurrent-ruby (1.3.5) lib/concurrent-ruby/concurrent/map.rb:187:in 'Concurrent::Map#fetch'
concurrent-ruby (1.3.5) lib/concurrent-ruby/concurrent/map.rb:206:in 'Concurrent::Map#fetch_or_store'
sprockets (4.2.2) lib/sprockets/cached_environment.rb:44:in 'Sprockets::CachedEnvironment#load'
sprockets (4.2.2) lib/sprockets/bundle.rb:27:in 'Sprockets::Bundle.call'
sprockets (4.2.2) lib/sprockets/processor_utils.rb:84:in 'Sprockets::ProcessorUtils#call_processor'
sprockets (4.2.2) lib/sprockets/processor_utils.rb:66:in 'block in Sprockets::ProcessorUtils#call_processors'
sprockets (4.2.2) lib/sprockets/processor_utils.rb:65:in 'Array#reverse_each'
sprockets (4.2.2) lib/sprockets/processor_utils.rb:65:in 'Sprockets::ProcessorUtils#call_processors'
sprockets (4.2.2) lib/sprockets/loader.rb:184:in 'Sprockets::Loader#load_from_unloaded'
sprockets (4.2.2) lib/sprockets/loader.rb:59:in 'block in Sprockets::Loader#load'
sprockets (4.2.2) lib/sprockets/loader.rb:339:in 'Sprockets::Loader#fetch_asset_from_dependency_cache'
sprockets (4.2.2) lib/sprockets/loader.rb:43:in 'Sprockets::Loader#load'
sprockets (4.2.2) lib/sprockets/cached_environment.rb:44:in 'block in Sprockets::CachedEnvironment#load'
concurrent-ruby (1.3.5) lib/concurrent-ruby/concurrent/map.rb:207:in 'block in Concurrent::Map#fetch_or_store'
concurrent-ruby (1.3.5) lib/concurrent-ruby/concurrent/map.rb:187:in 'Concurrent::Map#fetch'
concurrent-ruby (1.3.5) lib/concurrent-ruby/concurrent/map.rb:206:in 'Concurrent::Map#fetch_or_store'
sprockets (4.2.2) lib/sprockets/cached_environment.rb:44:in 'Sprockets::CachedEnvironment#load'
sprockets (4.2.2) lib/sprockets/base.rb:81:in 'Sprockets::Base#find_asset'
sprockets (4.2.2) lib/sprockets/base.rb:88:in 'Sprockets::Base#find_all_linked_assets'
sprockets (4.2.2) lib/sprockets/manifest.rb:125:in 'Enumerator#each'
sprockets (4.2.2) lib/sprockets/manifest.rb:125:in 'Enumerable#to_a'
sprockets (4.2.2) lib/sprockets/manifest.rb:125:in 'block (2 levels) in Sprockets::Manifest#find'
concurrent-ruby (1.3.5) lib/concurrent-ruby/concurrent/executor/safe_task_executor.rb:24:in 'block in Concurrent::SafeTaskExecutor#execute'
concurrent-ruby (1.3.5) lib/concurrent-ruby/concurrent/synchronization/mutex_lockable_object.rb:48:in 'block in Concurrent::Synchronization::MutexLockableObject#synchronize'
concurrent-ruby (1.3.5) lib/concurrent-ruby/concurrent/synchronization/mutex_lockable_object.rb:48:in 'Thread::Mutex#synchronize'
concurrent-ruby (1.3.5) lib/concurrent-ruby/concurrent/synchronization/mutex_lockable_object.rb:48:in 'Concurrent::Synchronization::MutexLockableObject#synchronize'
concurrent-ruby (1.3.5) lib/concurrent-ruby/concurrent/executor/safe_task_executor.rb:22:in 'Concurrent::SafeTaskExecutor#execute'
concurrent-ruby (1.3.5) lib/concurrent-ruby/concurrent/promise.rb:564:in 'block in Concurrent::Promise#realize'
concurrent-ruby (1.3.5) lib/concurrent-ruby/concurrent/executor/ruby_thread_pool_executor.rb:359:in 'Concurrent::RubyThreadPoolExecutor::Worker#run_task'
concurrent-ruby (1.3.5) lib/concurrent-ruby/concurrent/executor/ruby_thread_pool_executor.rb:350:in 'block (3 levels) in Concurrent::RubyThreadPoolExecutor::Worker#create_worker'
<internal:kernel>:168:in 'Kernel#loop'
concurrent-ruby (1.3.5) lib/concurrent-ruby/concurrent/executor/ruby_thread_pool_executor.rb:341:in 'block (2 levels) in Concurrent::RubyThreadPoolExecutor::Worker#create_worker'
concurrent-ruby (1.3.5) lib/concurrent-ruby/concurrent/executor/ruby_thread_pool_executor.rb:340:in 'Kernel#catch'
concurrent-ruby (1.3.5) lib/concurrent-ruby/concurrent/executor/ruby_thread_pool_executor.rb:340:in 'block in Concurrent::RubyThreadPoolExecutor::Worker#create_worker'

Information for cause: Sprockets::ArgumentError (link_tree argument must be a directory):
  
sprockets (4.2.2) lib/sprockets/directive_processor.rb:407:in 'Sprockets::DirectiveProcessor#expand_relative_dirname'
sprockets (4.2.2) lib/sprockets/directive_processor.rb:359:in 'Sprockets::DirectiveProcessor#process_link_tree_directive'
sprockets (4.2.2) lib/sprockets/directive_processor.rb:189:in 'block in Sprockets::DirectiveProcessor#process_directives'
sprockets (4.2.2) lib/sprockets/directive_processor.rb:187:in 'Array#each'
sprockets (4.2.2) lib/sprockets/directive_processor.rb:187:in 'Sprockets::DirectiveProcessor#process_directives'
sprockets (4.2.2) lib/sprockets/directive_processor.rb:84:in 'Sprockets::DirectiveProcessor#_call'
sprockets (4.2.2) lib/sprockets/directive_processor.rb:65:in 'Sprockets::DirectiveProcessor#call'
sprockets (4.2.2) lib/sprockets/processor_utils.rb:84:in 'Sprockets::ProcessorUtils#call_processor'
sprockets (4.2.2) lib/sprockets/processor_utils.rb:66:in 'block in Sprockets::ProcessorUtils#call_processors'
sprockets (4.2.2) lib/sprockets/processor_utils.rb:65:in 'Array#reverse_each'
sprockets (4.2.2) lib/sprockets/processor_utils.rb:65:in 'Sprockets::ProcessorUtils#call_processors'
sprockets (4.2.2) lib/sprockets/loader.rb:184:in 'Sprockets::Loader#load_from_unloaded'
sprockets (4.2.2) lib/sprockets/loader.rb:59:in 'block in Sprockets::Loader#load'
sprockets (4.2.2) lib/sprockets/loader.rb:339:in 'Sprockets::Loader#fetch_asset_from_dependency_cache'
sprockets (4.2.2) lib/sprockets/loader.rb:43:in 'Sprockets::Loader#load'
sprockets (4.2.2) lib/sprockets/cached_environment.rb:44:in 'block in Sprockets::CachedEnvironment#load'
concurrent-ruby (1.3.5) lib/concurrent-ruby/concurrent/map.rb:207:in 'block in Concurrent::Map#fetch_or_store'
concurrent-ruby (1.3.5) lib/concurrent-ruby/concurrent/map.rb:187:in 'Concurrent::Map#fetch'
concurrent-ruby (1.3.5) lib/concurrent-ruby/concurrent/map.rb:206:in 'Concurrent::Map#fetch_or_store'
sprockets (4.2.2) lib/sprockets/cached_environment.rb:44:in 'Sprockets::CachedEnvironment#load'
sprockets (4.2.2) lib/sprockets/bundle.rb:27:in 'Sprockets::Bundle.call'
sprockets (4.2.2) lib/sprockets/processor_utils.rb:84:in 'Sprockets::ProcessorUtils#call_processor'
sprockets (4.2.2) lib/sprockets/processor_utils.rb:66:in 'block in Sprockets::ProcessorUtils#call_processors'
sprockets (4.2.2) lib/sprockets/processor_utils.rb:65:in 'Array#reverse_each'
sprockets (4.2.2) lib/sprockets/processor_utils.rb:65:in 'Sprockets::ProcessorUtils#call_processors'
sprockets (4.2.2) lib/sprockets/loader.rb:184:in 'Sprockets::Loader#load_from_unloaded'
sprockets (4.2.2) lib/sprockets/loader.rb:59:in 'block in Sprockets::Loader#load'
sprockets (4.2.2) lib/sprockets/loader.rb:339:in 'Sprockets::Loader#fetch_asset_from_dependency_cache'
sprockets (4.2.2) lib/sprockets/loader.rb:43:in 'Sprockets::Loader#load'
sprockets (4.2.2) lib/sprockets/cached_environment.rb:44:in 'block in Sprockets::CachedEnvironment#load'
concurrent-ruby (1.3.5) lib/concurrent-ruby/concurrent/map.rb:207:in 'block in Concurrent::Map#fetch_or_store'
concurrent-ruby (1.3.5) lib/concurrent-ruby/concurrent/map.rb:187:in 'Concurrent::Map#fetch'
concurrent-ruby (1.3.5) lib/concurrent-ruby/concurrent/map.rb:206:in 'Concurrent::Map#fetch_or_store'
sprockets (4.2.2) lib/sprockets/cached_environment.rb:44:in 'Sprockets::CachedEnvironment#load'
sprockets (4.2.2) lib/sprockets/base.rb:81:in 'Sprockets::Base#find_asset'
sprockets (4.2.2) lib/sprockets/base.rb:88:in 'Sprockets::Base#find_all_linked_assets'
sprockets (4.2.2) lib/sprockets/manifest.rb:125:in 'Enumerator#each'
sprockets (4.2.2) lib/sprockets/manifest.rb:125:in 'Enumerable#to_a'
sprockets (4.2.2) lib/sprockets/manifest.rb:125:in 'block (2 levels) in Sprockets::Manifest#find'
concurrent-ruby (1.3.5) lib/concurrent-ruby/concurrent/executor/safe_task_executor.rb:24:in 'block in Concurrent::SafeTaskExecutor#execute'
concurrent-ruby (1.3.5) lib/concurrent-ruby/concurrent/synchronization/mutex_lockable_object.rb:48:in 'block in Concurrent::Synchronization::MutexLockableObject#synchronize'
concurrent-ruby (1.3.5) lib/concurrent-ruby/concurrent/synchronization/mutex_lockable_object.rb:48:in 'Thread::Mutex#synchronize'
concurrent-ruby (1.3.5) lib/concurrent-ruby/concurrent/synchronization/mutex_lockable_object.rb:48:in 'Concurrent::Synchronization::MutexLockableObject#synchronize'
concurrent-ruby (1.3.5) lib/concurrent-ruby/concurrent/executor/safe_task_executor.rb:22:in 'Concurrent::SafeTaskExecutor#execute'
concurrent-ruby (1.3.5) lib/concurrent-ruby/concurrent/promise.rb:564:in 'block in Concurrent::Promise#realize'
concurrent-ruby (1.3.5) lib/concurrent-ruby/concurrent/executor/ruby_thread_pool_executor.rb:359:in 'Concurrent::RubyThreadPoolExecutor::Worker#run_task'
concurrent-ruby (1.3.5) lib/concurrent-ruby/concurrent/executor/ruby_thread_pool_executor.rb:350:in 'block (3 levels) in Concurrent::RubyThreadPoolExecutor::Worker#create_worker'
<internal:kernel>:168:in 'Kernel#loop'
concurrent-ruby (1.3.5) lib/concurrent-ruby/concurrent/executor/ruby_thread_pool_executor.rb:341:in 'block (2 levels) in Concurrent::RubyThreadPoolExecutor::Worker#create_worker'
concurrent-ruby (1.3.5) lib/concurrent-ruby/concurrent/executor/ruby_thread_pool_executor.rb:340:in 'Kernel#catch'
concurrent-ruby (1.3.5) lib/concurrent-ruby/concurrent/executor/ruby_thread_pool_executor.rb:340:in 'block in Concurrent::RubyThreadPoolExecutor::Worker#create_worker'
Started GET "/" for 127.0.0.1 at 2025-07-07 19:30:57 +0000
  [1m[36mActiveRecord::SchemaMigration Load (0.9ms)[0m  [1m[34mSELECT [schema_migrations].[version] FROM [schema_migrations] ORDER BY [schema_migrations].[version] ASC /*application='FormsApp'*/[0m
Processing by ParkingLotSubmissionsController#new as HTML
  Rendering layout layouts/application.html.erb
  Rendering parking_lot_submissions/new.html.erb within layouts/application
  Rendered parking_lot_submissions/new.html.erb within layouts/application (Duration: 25.4ms | GC: 0.4ms)
  Rendered shared/_sidebar.html.erb (Duration: 2.0ms | GC: 0.0ms)
  Rendered layout layouts/application.html.erb (Duration: 293.9ms | GC: 0.4ms)
Completed 500 Internal Server Error in 461ms (ActiveRecord: 44.1ms (0 queries, 0 cached) | GC: 4.8ms)


  
ActionView::Template::Error (undefined local variable or method 'parking_lot_index_path' for an instance of #<Class:0x00007d44ecdbad40>)
Caused by: NameError (undefined local variable or method 'parking_lot_index_path' for an instance of #<Class:0x00007d44ecdbad40>)

Information for: ActionView::Template::Error (undefined local variable or method 'parking_lot_index_path' for an instance of #<Class:0x00007d44ecdbad40>):
    1: <div class="sidebar">
    2:   <h2>Available Forms</h2>
    3:   <%= link_to "Parking Lot Form", parking_lot_index_path, class: "nav-link" %>
    4:   <!-- Add other links here -->
    5: </div>
  
app/views/shared/_sidebar.html.erb:3
app/views/layouts/application.html.erb:13

Information for cause: NameError (undefined local variable or method 'parking_lot_index_path' for an instance of #<Class:0x00007d44ecdbad40>):
  
app/views/shared/_sidebar.html.erb:3
app/views/layouts/application.html.erb:13
Started GET "/" for 127.0.0.1 at 2025-07-07 19:36:23 +0000
  [1m[36mActiveRecord::SchemaMigration Load (0.8ms)[0m  [1m[34mSELECT [schema_migrations].[version] FROM [schema_migrations] ORDER BY [schema_migrations].[version] ASC /*application='FormsApp'*/[0m
Processing by ParkingLotSubmissionsController#new as HTML
  Rendering layout layouts/application.html.erb
  Rendering parking_lot_submissions/new.html.erb within layouts/application
  Rendered parking_lot_submissions/new.html.erb within layouts/application (Duration: 26.1ms | GC: 0.4ms)
  Rendered shared/_sidebar.html.erb (Duration: 0.7ms | GC: 0.0ms)
  Rendered layout layouts/application.html.erb (Duration: 270.6ms | GC: 0.4ms)
Completed 200 OK in 441ms (Views: 289.5ms | ActiveRecord: 45.4ms (0 queries, 0 cached) | GC: 4.7ms)


Started GET "/assets/application-0dc58951598a1452f8346d2d9e580539e0fafd48a5392163d62613b4ec983407.css" for 127.0.0.1 at 2025-07-07 19:36:24 +0000
Started GET "/assets/application-37f365cbecf1fa2810a8303f4b6571676fa1f9c56c248528bc14ddb857531b95.js" for 127.0.0.1 at 2025-07-07 19:36:24 +0000
Started GET "/assets/controllers/hello_controller-549135e8e7c683a538c3d6d517339ba470fcfb79d62f738a0a089ba41851a554.js" for 127.0.0.1 at 2025-07-07 19:36:24 +0000
Started GET "/assets/turbo.min-38d030897e3554a265d3a3b6bdf4fb7509b08197ba2b6e3761683c07e776c1bc.js" for 127.0.0.1 at 2025-07-07 19:36:24 +0000
Started GET "/assets/controllers/index-31a9bee606cbc5cdb1593881f388bbf4c345bf693ea24e124f84b6d5c98ab648.js" for 127.0.0.1 at 2025-07-07 19:36:24 +0000
Started GET "/assets/images/default-logo.svg" for 127.0.0.1 at 2025-07-07 19:36:24 +0000
  
ActionController::RoutingError (No route matches [GET] "/assets/images/default-logo.svg"):
  
Started GET "/assets/stimulus.min-dd364f16ec9504dfb72672295637a1c8838773b01c0b441bd41008124c407894.js" for 127.0.0.1 at 2025-07-07 19:36:25 +0000
Started GET "/assets/stimulus-loading-3576ce92b149ad5d6959438c6f291e2426c86df3b874c525b30faad51b0d96b3.js" for 127.0.0.1 at 2025-07-07 19:36:25 +0000
Started GET "/assets/controllers/application-368d98631bccbf2349e0d4f8269afb3fe9625118341966de054759d96ea86c7e.js" for 127.0.0.1 at 2025-07-07 19:36:25 +0000
Started GET "/favicon.ico" for 127.0.0.1 at 2025-07-07 19:36:25 +0000
  
ActionController::RoutingError (No route matches [GET] "/favicon.ico"):
  
Started GET "/parking_lot_submissions/new" for 127.0.0.1 at 2025-07-07 19:36:52 +0000
Processing by ParkingLotSubmissionsController#new as HTML
  Rendering layout layouts/application.html.erb
  Rendering parking_lot_submissions/new.html.erb within layouts/application
  Rendered parking_lot_submissions/new.html.erb within layouts/application (Duration: 27.2ms | GC: 0.0ms)
  Rendered shared/_sidebar.html.erb (Duration: 1.3ms | GC: 0.0ms)
  Rendered layout layouts/application.html.erb (Duration: 37.8ms | GC: 0.0ms)
Completed 200 OK in 51ms (Views: 40.3ms | ActiveRecord: 0.0ms (0 queries, 0 cached) | GC: 0.0ms)


Started GET "/assets/images/default-logo.svg" for 127.0.0.1 at 2025-07-07 19:36:53 +0000
  
ActionController::RoutingError (No route matches [GET] "/assets/images/default-logo.svg"):
  
Started GET "/parking_lot_submissions/new" for 127.0.0.1 at 2025-07-07 19:36:54 +0000
Processing by ParkingLotSubmissionsController#new as HTML
  Rendering layout layouts/application.html.erb
  Rendering parking_lot_submissions/new.html.erb within layouts/application
  Rendered parking_lot_submissions/new.html.erb within layouts/application (Duration: 16.1ms | GC: 0.0ms)
  Rendered shared/_sidebar.html.erb (Duration: 0.1ms | GC: 0.0ms)
  Rendered layout layouts/application.html.erb (Duration: 22.2ms | GC: 0.0ms)
Completed 200 OK in 30ms (Views: 22.8ms | ActiveRecord: 0.0ms (0 queries, 0 cached) | GC: 0.0ms)


Started GET "/assets/images/default-logo.svg" for 127.0.0.1 at 2025-07-07 19:36:54 +0000
  
ActionController::RoutingError (No route matches [GET] "/assets/images/default-logo.svg"):
  
Started GET "/parking_lot_submissions/new" for 127.0.0.1 at 2025-07-07 19:37:21 +0000
Processing by ParkingLotSubmissionsController#new as HTML
  Rendering layout layouts/application.html.erb
  Rendering parking_lot_submissions/new.html.erb within layouts/application
  Rendered parking_lot_submissions/new.html.erb within layouts/application (Duration: 3.2ms | GC: 0.0ms)
  Rendered shared/_sidebar.html.erb (Duration: 0.1ms | GC: 0.0ms)
  Rendered layout layouts/application.html.erb (Duration: 5.9ms | GC: 0.0ms)
Completed 200 OK in 10ms (Views: 7.2ms | ActiveRecord: 0.0ms (0 queries, 0 cached) | GC: 0.0ms)


Started GET "/assets/images/default-logo.svg" for 127.0.0.1 at 2025-07-07 19:37:21 +0000
  
ActionController::RoutingError (No route matches [GET] "/assets/images/default-logo.svg"):
  
Started GET "/favicon.ico" for 127.0.0.1 at 2025-07-07 19:37:21 +0000
  
ActionController::RoutingError (No route matches [GET] "/favicon.ico"):
  
Started POST "/parking_lot_submissions" for 127.0.0.1 at 2025-07-07 19:37:36 +0000
Processing by ParkingLotSubmissionsController#create as TURBO_STREAM
  Parameters: {"authenticity_token" => "[FILTERED]", "parking_lot_submission" => {"name" => "fdsf", "phone" => "sdfdsf", "employee_id" => "sfs", "email" => "[FILTERED]", "agency" => "fdsf", "division" => "sdfs", "department" => "sdfsdf", "make" => "sdf", "model" => "sdfs", "color" => "sdf", "year" => "sdf", "license_plate" => "sdf", "parking_lot" => "fsdf", "old_permit_number" => "sdfsdf"}, "commit" => "Submit"}
  Rendering layout layouts/application.html.erb
  Rendering parking_lot_submissions/create.html.erb within layouts/application
  Rendered parking_lot_submissions/create.html.erb within layouts/application (Duration: 1.9ms | GC: 0.0ms)
  Rendered shared/_sidebar.html.erb (Duration: 1.0ms | GC: 0.0ms)
  Rendered layout layouts/application.html.erb (Duration: 7.6ms | GC: 0.0ms)
Completed 200 OK in 22ms (Views: 9.0ms | ActiveRecord: 0.0ms (0 queries, 0 cached) | GC: 6.6ms)


Started GET "/parking_lot_submissions/new" for 127.0.0.1 at 2025-07-07 19:41:17 +0000
  [1m[36mActiveRecord::SchemaMigration Load (0.7ms)[0m  [1m[34mSELECT [schema_migrations].[version] FROM [schema_migrations] ORDER BY [schema_migrations].[version] ASC /*application='FormsApp'*/[0m
Processing by ParkingLotSubmissionsController#new as HTML
  Rendering layout layouts/application.html.erb
  Rendering parking_lot_submissions/new.html.erb within layouts/application
  Rendered parking_lot_submissions/new.html.erb within layouts/application (Duration: 32.1ms | GC: 0.4ms)
  Rendered shared/_sidebar.html.erb (Duration: 0.8ms | GC: 0.0ms)
  Rendered layout layouts/application.html.erb (Duration: 248.8ms | GC: 0.4ms)
Completed 200 OK in 425ms (Views: 268.1ms | ActiveRecord: 51.0ms (0 queries, 0 cached) | GC: 4.7ms)


Started GET "/assets/images/default-logo.svg" for 127.0.0.1 at 2025-07-07 19:41:18 +0000
  
ActionController::RoutingError (No route matches [GET] "/assets/images/default-logo.svg"):
  
Started POST "/parking_lot_submissions" for 127.0.0.1 at 2025-07-07 19:41:24 +0000
Processing by ParkingLotSubmissionsController#create as TURBO_STREAM
  Parameters: {"authenticity_token" => "[FILTERED]", "parking_lot_submission" => {"name" => "fdsf", "phone" => "sdfdsf", "employee_id" => "sfs", "email" => "[FILTERED]", "agency" => "fdsf", "division" => "sdfs", "department" => "sdfsdf", "make" => "sdf", "model" => "sdfs", "color" => "sdf", "year" => "sdf", "license_plate" => "sdf", "parking_lot" => "fsdf", "old_permit_number" => "sdfsdf"}, "commit" => "Submit"}
  [1m[36mTRANSACTION (9.0ms)[0m  [1m[35mBEGIN TRANSACTION /*action='create',application='FormsApp',controller='parking_lot_submissions'*/[0m
  ↳ app/controllers/parking_lot_submissions_controller.rb:48:in 'ParkingLotSubmissionsController#create'
  [1m[36mParkingLotSubmission Create (221.1ms)[0m  [1m[32mINSERT INTO [parking_lot_submissions] ([name], [phone], [employee_id], [email], [agency], [division], [department], [make], [model], [color], [year], [license_plate], [parking_lot], [old_permit_number], [created_at], [updated_at]) OUTPUT INSERTED.[id] VALUES (N'fdsf', N'sdfdsf', N'sfs', N'sdfsd', N'fdsf', N'sdfs', N'sdfsdf', N'sdf', N'sdfs', N'sdf', N'sdf', N'sdf', N'fsdf', N'sdfsdf', '07-07-2025 19:41:24.965615', '07-07-2025 19:41:24.965615') /*action='create',application='FormsApp',controller='parking_lot_submissions'*/[0m
  ↳ app/controllers/parking_lot_submissions_controller.rb:48:in 'ParkingLotSubmissionsController#create'
  [1m[36mTRANSACTION (2.2ms)[0m  [1m[35mCOMMIT TRANSACTION /*action='create',application='FormsApp',controller='parking_lot_submissions'*/[0m
  ↳ app/controllers/parking_lot_submissions_controller.rb:48:in 'ParkingLotSubmissionsController#create'
  Rendering layout layouts/application.html.erb
  Rendering parking_lot_submissions/create.html.erb within layouts/application
  Rendered parking_lot_submissions/create.html.erb within layouts/application (Duration: 1.5ms | GC: 0.0ms)
  Rendered shared/_sidebar.html.erb (Duration: 1.1ms | GC: 0.0ms)
  Rendered layout layouts/application.html.erb (Duration: 12.0ms | GC: 0.0ms)
Completed 200 OK in 330ms (Views: 21.1ms | ActiveRecord: 408.0ms (1 query, 0 cached) | GC: 0.7ms)


Started GET "/parking_lot_submissions/new" for 127.0.0.1 at 2025-07-07 19:47:39 +0000
  [1m[36mActiveRecord::SchemaMigration Load (0.7ms)[0m  [1m[34mSELECT [schema_migrations].[version] FROM [schema_migrations] ORDER BY [schema_migrations].[version] ASC /*application='FormsApp'*/[0m
Processing by ParkingLotSubmissionsController#new as HTML
  Rendering layout layouts/application.html.erb
  Rendering parking_lot_submissions/new.html.erb within layouts/application
  Rendered parking_lot_submissions/new.html.erb within layouts/application (Duration: 30.1ms | GC: 0.4ms)
  Rendered shared/_sidebar.html.erb (Duration: 0.6ms | GC: 0.0ms)
  Rendered layout layouts/application.html.erb (Duration: 244.0ms | GC: 0.4ms)
Completed 200 OK in 417ms (Views: 263.9ms | ActiveRecord: 46.3ms (0 queries, 0 cached) | GC: 4.8ms)


Started GET "/assets/images/default-logo.svg" for 127.0.0.1 at 2025-07-07 19:47:40 +0000
  
ActionController::RoutingError (No route matches [GET] "/assets/images/default-logo.svg"):
  
  [1m[36mActiveRecord::InternalMetadata Load (3.4ms)[0m  [1m[34mSELECT * FROM [ar_internal_metadata] WHERE [ar_internal_metadata].[key] = 'environment' ORDER BY [ar_internal_metadata].[key] ASC OFFSET 0 ROWS FETCH NEXT 1 ROWS ONLY /*application='FormsApp'*/[0m
  [1m[36mActiveRecord::SchemaMigration Load (2.4ms)[0m  [1m[34mSELECT [schema_migrations].[version] FROM [schema_migrations] ORDER BY [schema_migrations].[version] ASC /*application='FormsApp'*/[0m
Migrating to AddUnitToParkingLotSubmissions (20250707195538)
  [1m[36mTRANSACTION (0.9ms)[0m  [1m[35mBEGIN TRANSACTION /*application='FormsApp'*/[0m
  [1m[35m (10.3ms)[0m  [1m[35mALTER TABLE [parking_lot_submissions] ADD [unit] nvarchar(4000) /*application='FormsApp'*/[0m
  [1m[36mActiveRecord::SchemaMigration Create (150.9ms)[0m  [1m[32mINSERT INTO [schema_migrations] ([version]) OUTPUT INSERTED.[version] VALUES (N'20250707195538') /*application='FormsApp'*/[0m
  [1m[36mTRANSACTION (3.5ms)[0m  [1m[35mCOMMIT TRANSACTION /*application='FormsApp'*/[0m
  [1m[36mActiveRecord::SchemaMigration Load (2.0ms)[0m  [1m[34mSELECT [schema_migrations].[version] FROM [schema_migrations] ORDER BY [schema_migrations].[version] ASC /*application='FormsApp'*/[0m
  [1m[35m (9.9ms)[0m  [1m[34mSELECT DATABASEPROPERTYEX(DB_NAME(), 'Collation') /*application='FormsApp'*/[0m
  [1m[36mExecute Procedure (311.2ms)[0m  [1m[35mEXEC sp_fkeys NULL, NULL, NULL, N'Agency', NULL[0m
  [1m[36mExecute Procedure (2.7ms)[0m  [1m[35mEXEC sp_fkeys NULL, NULL, NULL, N'BDMRates', NULL[0m
  [1m[36mExecute Procedure (2.4ms)[0m  [1m[35mEXEC sp_fkeys NULL, NULL, NULL, N'BusinessUnit', NULL[0m
  [1m[36mExecute Procedure (2.4ms)[0m  [1m[35mEXEC sp_fkeys NULL, NULL, NULL, N'CustomerAccount', NULL[0m
  [1m[36mExecute Procedure (2.4ms)[0m  [1m[35mEXEC sp_fkeys NULL, NULL, NULL, N'CustomerAccountWithType', NULL[0m
  [1m[36mExecute Procedure (5.1ms)[0m  [1m[35mEXEC sp_fkeys NULL, NULL, NULL, N'Department', NULL[0m
  [1m[35m (19.5ms)[0m  [1m[34mSELECT update_referential_action_desc FROM sys.foreign_keys WHERE name = 'FK__Departmen__Divis__54968AE5' /*application='FormsApp'*/[0m
  [1m[35m (17.7ms)[0m  [1m[34mSELECT delete_referential_action_desc FROM sys.foreign_keys WHERE name = 'FK__Departmen__Divis__54968AE5' /*application='FormsApp'*/[0m
  [1m[36mExecute Procedure (3.8ms)[0m  [1m[35mEXEC sp_fkeys NULL, NULL, NULL, N'Division', NULL[0m
  [1m[35m (17.1ms)[0m  [1m[34mSELECT update_referential_action_desc FROM sys.foreign_keys WHERE name = 'FK__Division__Agency__51BA1E3A' /*application='FormsApp'*/[0m
  [1m[35m (17.5ms)[0m  [1m[34mSELECT delete_referential_action_desc FROM sys.foreign_keys WHERE name = 'FK__Division__Agency__51BA1E3A' /*application='FormsApp'*/[0m
  [1m[36mExecute Procedure (2.5ms)[0m  [1m[35mEXEC sp_fkeys NULL, NULL, NULL, N'FiscalMonths', NULL[0m
  [1m[36mExecute Procedure (2.4ms)[0m  [1m[35mEXEC sp_fkeys NULL, NULL, NULL, N'FiscalYears', NULL[0m
  [1m[36mExecute Procedure (2.4ms)[0m  [1m[35mEXEC sp_fkeys NULL, NULL, NULL, N'GL218-FY18', NULL[0m
  [1m[36mExecute Procedure (2.3ms)[0m  [1m[35mEXEC sp_fkeys NULL, NULL, NULL, N'PlanVsActual', NULL[0m
  [1m[36mExecute Procedure (2.4ms)[0m  [1m[35mEXEC sp_fkeys NULL, NULL, NULL, N'TC60', NULL[0m
  [1m[35m (17.0ms)[0m  [1m[34mSELECT update_referential_action_desc FROM sys.foreign_keys WHERE name = 'FK_TC60_TYPE_TC60_TYPES' /*application='FormsApp'*/[0m
  [1m[35m (16.8ms)[0m  [1m[34mSELECT delete_referential_action_desc FROM sys.foreign_keys WHERE name = 'FK_TC60_TYPE_TC60_TYPES' /*application='FormsApp'*/[0m
  [1m[36mExecute Procedure (2.9ms)[0m  [1m[35mEXEC sp_fkeys NULL, NULL, NULL, N'TC60_Activities', NULL[0m
  [1m[35m (16.8ms)[0m  [1m[34mSELECT update_referential_action_desc FROM sys.foreign_keys WHERE name = 'fk_tc60_activities_tc60_agencies' /*application='FormsApp'*/[0m
  [1m[35m (16.7ms)[0m  [1m[34mSELECT delete_referential_action_desc FROM sys.foreign_keys WHERE name = 'fk_tc60_activities_tc60_agencies' /*application='FormsApp'*/[0m
  [1m[36mExecute Procedure (2.6ms)[0m  [1m[35mEXEC sp_fkeys NULL, NULL, NULL, N'TC60_Agencies', NULL[0m
  [1m[36mExecute Procedure (3.5ms)[0m  [1m[35mEXEC sp_fkeys NULL, NULL, NULL, N'TC60_Departments', NULL[0m
  [1m[35m (24.7ms)[0m  [1m[34mSELECT update_referential_action_desc FROM sys.foreign_keys WHERE name = 'FK_TC60_Departments_TC60_Divisions' /*application='FormsApp'*/[0m
  [1m[35m (26.5ms)[0m  [1m[34mSELECT delete_referential_action_desc FROM sys.foreign_keys WHERE name = 'FK_TC60_Departments_TC60_Divisions' /*application='FormsApp'*/[0m
  [1m[36mExecute Procedure (3.7ms)[0m  [1m[35mEXEC sp_fkeys NULL, NULL, NULL, N'TC60_Divisions', NULL[0m
  [1m[35m (22.8ms)[0m  [1m[34mSELECT update_referential_action_desc FROM sys.foreign_keys WHERE name = 'FK_TC60_Divisions_TC60_Agencies' /*application='FormsApp'*/[0m
  [1m[35m (22.1ms)[0m  [1m[34mSELECT delete_referential_action_desc FROM sys.foreign_keys WHERE name = 'FK_TC60_Divisions_TC60_Agencies' /*application='FormsApp'*/[0m
  [1m[36mExecute Procedure (5.5ms)[0m  [1m[35mEXEC sp_fkeys NULL, NULL, NULL, N'TC60_Employees', NULL[0m
  [1m[36mExecute Procedure (5.6ms)[0m  [1m[35mEXEC sp_fkeys NULL, NULL, NULL, N'TC60_Functions', NULL[0m
  [1m[35m (18.4ms)[0m  [1m[34mSELECT update_referential_action_desc FROM sys.foreign_keys WHERE name = 'fk_tc60_functions_tc60_agencies' /*application='FormsApp'*/[0m
  [1m[35m (17.0ms)[0m  [1m[34mSELECT delete_referential_action_desc FROM sys.foreign_keys WHERE name = 'fk_tc60_functions_tc60_agencies' /*application='FormsApp'*/[0m
  [1m[36mExecute Procedure (3.0ms)[0m  [1m[35mEXEC sp_fkeys NULL, NULL, NULL, N'TC60_Functions_and_Funds', NULL[0m
  [1m[35m (17.0ms)[0m  [1m[34mSELECT update_referential_action_desc FROM sys.foreign_keys WHERE name = 'fk_tc60_functions_and_funds_tc60_agencies' /*application='FormsApp'*/[0m
  [1m[35m (16.9ms)[0m  [1m[34mSELECT delete_referential_action_desc FROM sys.foreign_keys WHERE name = 'fk_tc60_functions_and_funds_tc60_agencies' /*application='FormsApp'*/[0m
  [1m[36mExecute Procedure (3.0ms)[0m  [1m[35mEXEC sp_fkeys NULL, NULL, NULL, N'TC60_Funds', NULL[0m
  [1m[35m (16.7ms)[0m  [1m[34mSELECT update_referential_action_desc FROM sys.foreign_keys WHERE name = 'fk_tc60_funds_tc60_agencies' /*application='FormsApp'*/[0m
  [1m[35m (16.7ms)[0m  [1m[34mSELECT delete_referential_action_desc FROM sys.foreign_keys WHERE name = 'fk_tc60_funds_tc60_agencies' /*application='FormsApp'*/[0m
  [1m[36mExecute Procedure (3.0ms)[0m  [1m[35mEXEC sp_fkeys NULL, NULL, NULL, N'TC60_Major_Programs', NULL[0m
  [1m[35m (16.9ms)[0m  [1m[34mSELECT update_referential_action_desc FROM sys.foreign_keys WHERE name = 'FK_TC60_MajorProgram_TC60_Agencies' /*application='FormsApp'*/[0m
  [1m[35m (16.7ms)[0m  [1m[34mSELECT delete_referential_action_desc FROM sys.foreign_keys WHERE name = 'FK_TC60_MajorProgram_TC60_Agencies' /*application='FormsApp'*/[0m
  [1m[36mExecute Procedure (2.6ms)[0m  [1m[35mEXEC sp_fkeys NULL, NULL, NULL, N'TC60_Objects', NULL[0m
  [1m[36mExecute Procedure (2.9ms)[0m  [1m[35mEXEC sp_fkeys NULL, NULL, NULL, N'TC60_Phases', NULL[0m
  [1m[35m (18.3ms)[0m  [1m[34mSELECT update_referential_action_desc FROM sys.foreign_keys WHERE name = 'fk_tc60_phases_tc60_agencies' /*application='FormsApp'*/[0m
  [1m[35m (17.2ms)[0m  [1m[34mSELECT delete_referential_action_desc FROM sys.foreign_keys WHERE name = 'fk_tc60_phases_tc60_agencies' /*application='FormsApp'*/[0m
  [1m[36mExecute Procedure (3.4ms)[0m  [1m[35mEXEC sp_fkeys NULL, NULL, NULL, N'TC60_Programs', NULL[0m
  [1m[35m (17.6ms)[0m  [1m[34mSELECT update_referential_action_desc FROM sys.foreign_keys WHERE name = 'fk_tc60_programs_tc60_agencies' /*application='FormsApp'*/[0m
  [1m[35m (17.0ms)[0m  [1m[34mSELECT delete_referential_action_desc FROM sys.foreign_keys WHERE name = 'fk_tc60_programs_tc60_agencies' /*application='FormsApp'*/[0m
  [1m[36mExecute Procedure (2.7ms)[0m  [1m[35mEXEC sp_fkeys NULL, NULL, NULL, N'TC60_Revenues', NULL[0m
  [1m[36mExecute Procedure (2.5ms)[0m  [1m[35mEXEC sp_fkeys NULL, NULL, NULL, N'TC60_Services', NULL[0m
  [1m[36mExecute Procedure (3.3ms)[0m  [1m[35mEXEC sp_fkeys NULL, NULL, NULL, N'TC60_Tasks', NULL[0m
  [1m[35m (19.5ms)[0m  [1m[34mSELECT update_referential_action_desc FROM sys.foreign_keys WHERE name = 'fk_tc60_tasks_tc60_agencies' /*application='FormsApp'*/[0m
  [1m[35m (18.7ms)[0m  [1m[34mSELECT delete_referential_action_desc FROM sys.foreign_keys WHERE name = 'fk_tc60_tasks_tc60_agencies' /*application='FormsApp'*/[0m
  [1m[36mExecute Procedure (2.8ms)[0m  [1m[35mEXEC sp_fkeys NULL, NULL, NULL, N'TC60_Types', NULL[0m
  [1m[36mExecute Procedure (6.2ms)[0m  [1m[35mEXEC sp_fkeys NULL, NULL, NULL, N'TC60_Units', NULL[0m
  [1m[35m (17.6ms)[0m  [1m[34mSELECT update_referential_action_desc FROM sys.foreign_keys WHERE name = 'FK_TC60_Units_TC60_Departments' /*application='FormsApp'*/[0m
  [1m[35m (16.9ms)[0m  [1m[34mSELECT delete_referential_action_desc FROM sys.foreign_keys WHERE name = 'FK_TC60_Units_TC60_Departments' /*application='FormsApp'*/[0m
  [1m[36mExecute Procedure (2.6ms)[0m  [1m[35mEXEC sp_fkeys NULL, NULL, NULL, N'_stgFiscalCursor', NULL[0m
  [1m[36mExecute Procedure (2.1ms)[0m  [1m[35mEXEC sp_fkeys NULL, NULL, NULL, N'_stgTC60', NULL[0m
  [1m[36mExecute Procedure (2.6ms)[0m  [1m[35mEXEC sp_fkeys NULL, NULL, NULL, N'parking_lot_submissions', NULL[0m
  [1m[36mExecute Procedure (2.3ms)[0m  [1m[35mEXEC sp_fkeys NULL, NULL, NULL, N'pc007', NULL[0m
Started GET "/parking_lot_submissions/new" for 127.0.0.1 at 2025-07-07 19:59:56 +0000
  [1m[36mActiveRecord::SchemaMigration Load (2.1ms)[0m  [1m[34mSELECT [schema_migrations].[version] FROM [schema_migrations] ORDER BY [schema_migrations].[version] ASC /*application='FormsApp'*/[0m
  
SyntaxError (/home/matthew/gitea/FormsApp/app/controllers/parking_lot_submissions_controller.rb:29: syntax error found
  [2m27 | [m          { name: "division", label: "Division", type: "select", required: true },
  [2m28 | [m          { name: "department", label: "Department", type: "select", required: true }
[1;31m> [m[2m29 | [m          { name: "unit", label ...
  [2m   | [m[1;31m^[m unexpected '{'; expected a `,` separator for the array elements
  [2m30 | [m        ]
  [2m31 | [m      },
):
  
app/controllers/parking_lot_submissions_controller.rb:29: syntax error found
Started GET "/parking_lot_submissions/new" for 127.0.0.1 at 2025-07-07 20:00:37 +0000
  [1m[36mActiveRecord::SchemaMigration Load (2.0ms)[0m  [1m[34mSELECT [schema_migrations].[version] FROM [schema_migrations] ORDER BY [schema_migrations].[version] ASC /*application='FormsApp'*/[0m
Processing by ParkingLotSubmissionsController#new as HTML
Completed 500 Internal Server Error in 536ms (ActiveRecord: 439.4ms (0 queries, 0 cached) | GC: 3.7ms)


  
NameError (uninitialized constant ParkingLotSubmissionsController::Agency):
  
app/controllers/parking_lot_submissions_controller.rb:6:in 'ParkingLotSubmissionsController#new'
